40821729083640.451600278781168
0.00000000000008144
9201329107587804306505.9244485
0.7
0.00000000000000876
0.00000000000038
54152220000000000000
991581848754654254148
751626.4932853900258189227
0.000000070685676
8576928128643189.4312478
0.00000000070684574780651
0.08
0.000000083727892291542893808396193
76265258151353.5830931390799547
21760000000
0.0000000000000000000000000052279338216731134048316128
981554896750
3.59101
17556822.7
99014100000
0.05519643443926562930844315
7807853700149412206176546092
0.0000000087475128461860208
0.000008
0.0000000000000696794
0.000000000000000000000000002963813333
0.75270257
74
9983344845492402815529937985650000000
4875407602902171279300
5013495534348743169500000000
88944965.182
6700000000000000
9302.09087028724613
0.534
0.00000000000933817276077553
13108201172242.81
4164228785840.963109707421
0.000000000000000000827071995
5166055.75823579909221235957
0.0000000000000000050606
80300921020
50000000
0.000000000998
8399155396723.142976977669
261.86402
5.005736599423
0.00000000000740067672
0.000000000095716535
0.0000000098634807198713352333
0.0000000000000000000012
0.00000000000005864667973444273396065355
99384626.40451824716003
75142425.8172660788661
202.023325259800836608
0.0000000000095863089545
0.0000000000004749
3150525824046975172000000000
0.0658413371415
0.0949550604
0.000777220197
149981378530655671422.93123286
1049590218879600
316485030
651561811638.49469790205
0.000035797
122389666568.545
482689262400000000
394727214383318346865201048
0.00000000008758469198
23532520000000000000
0.05576
947753.4
911077269938184
783469552.35733929114
646957326333520363962208129167
642358240.518248631493998340476
71767391320.5166
0.000008076606649002
0.0000097
4160
0.0267620732319
7731965080343841664233.399
0.000000063197708471923405577894508962
0.00000000000601650237
27712396574504581804790.23
40332063.94738812351532
20137936000
30000000
4583200000000000000000
6314645862.15874795034846
7548.14922
885615655673542.827017
0.00000000000000000000629073044039924
0.00000000050501348856390418679
7188297181758174644614029.6434
7.65148305
693681597470000000000
0.00000000000000004845421
